<?xml version="1.0" encoding="UTF-8"?>
<!-- Generated by org.testng.reporters.JUnitReportReporter -->
<testsuite hostname="Admin-PC" failures="0" tests="2" name="qaclickacademy.RESTApiTest" time="0.012" errors="0" timestamp="2022-06-21T11:57:19 IST" skipped="0">
  <testcase classname="qaclickacademy.RESTApiTest" name="postJIRA" time="0.006"/>
  <system-out/>
  <testcase classname="qaclickacademy.RESTApiTest" name="deleteTwitter" time="0.006"/>
  <system-out/>
</testsuite> <!-- qaclickacademy.RESTApiTest -->
