<?xml version="1.0" encoding="UTF-8"?>
<!-- Generated by org.testng.reporters.JUnitReportReporter -->
<testsuite hostname="Admin-PC" failures="0" tests="2" name="qaclickacademy.AppiumTest" time="0.044" errors="0" timestamp="2022-06-21T11:57:19 IST" skipped="0">
  <testcase classname="qaclickacademy.AppiumTest" name="IOSApps" time="0.039"/>
  <system-out/>
  <testcase classname="qaclickacademy.AppiumTest" name="NativeAppAndroid" time="0.005"/>
  <system-out/>
</testsuite> <!-- qaclickacademy.AppiumTest -->
