<?xml version="1.0" encoding="UTF-8"?>
<!-- Generated by org.testng.reporters.JUnitReportReporter -->
<testsuite hostname="Admin-PC" failures="0" tests="2" name="qaclickacademy.SeleniumTest" time="0.023" errors="0" timestamp="2022-06-14T13:52:40 IST" skipped="0">
  <testcase classname="qaclickacademy.SeleniumTest" name="BrowserAutomation" time="0.018"/>
  <system-out/>
  <testcase classname="qaclickacademy.SeleniumTest" name="elementsUi" time="0.005"/>
  <system-out/>
</testsuite> <!-- qaclickacademy.SeleniumTest -->
